\BOOKMARK [1][-]{section.1}{Literature Review}{}% 1
\BOOKMARK [2][-]{subsection.1.1}{Overview of Search games}{section.1}% 2
\BOOKMARK [2][-]{subsection.1.2}{Review of Strategic Patrolling games}{section.1}% 3
\BOOKMARK [3][-]{subsubsection.1.2.1}{Bounds and Tools}{subsection.1.2}% 4
\BOOKMARK [3][-]{subsubsection.1.2.2}{Solved Graphs}{subsection.1.2}% 5
\BOOKMARK [2][-]{subsection.1.3}{Patrolling games with random attackers}{section.1}% 6
\BOOKMARK [3][-]{subsubsection.1.3.1}{Game Set-up}{subsection.1.3}% 7
\BOOKMARK [3][-]{subsubsection.1.3.2}{Problem relaxation}{subsection.1.3}% 8
\BOOKMARK [3][-]{subsubsection.1.3.3}{Single-node problem}{subsection.1.3}% 9
\BOOKMARK [3][-]{subsubsection.1.3.4}{More heuristics}{subsection.1.3}% 10
\BOOKMARK [1][-]{section.2}{Strategic Patroller and Strategic Attacker}{}% 11
\BOOKMARK [2][-]{subsection.2.1}{Problem and correction to line graph strategy}{section.2}% 12
\BOOKMARK [2][-]{subsection.2.2}{New Tools}{section.2}% 13
\BOOKMARK [2][-]{subsection.2.3}{Star graph solution}{section.2}% 14
\BOOKMARK [2][-]{subsection.2.4}{Extending the star graph}{section.2}% 15
\BOOKMARK [2][-]{subsection.2.5}{Joining star graphs by centralised connections}{section.2}% 16
\BOOKMARK [1][-]{section.3}{Strategic Patroller with Random Attackers and Local-observations}{}% 17
\BOOKMARK [2][-]{subsection.3.1}{Altering the problem for instantaneous moving patroller}{section.3}% 18
\BOOKMARK [2][-]{subsection.3.2}{Numerical results for instantaneously moving patroller}{section.3}% 19
\BOOKMARK [2][-]{subsection.3.3}{Altering problem to accommodate local-observable information}{section.3}% 20
\BOOKMARK [2][-]{subsection.3.4}{Problem relaxation}{section.3}% 21
\BOOKMARK [2][-]{subsection.3.5}{Discrete attack time assumption}{section.3}% 22
\BOOKMARK [2][-]{subsection.3.6}{Single node solution}{section.3}% 23
\BOOKMARK [2][-]{subsection.3.7}{Indices, heuristics and numerical experiments}{section.3}% 24
\BOOKMARK [1][-]{section.4}{Future Work}{}% 25
\BOOKMARK [2][-]{subsection.4.1}{Proof completions}{section.4}% 26
\BOOKMARK [2][-]{subsection.4.2}{Extending Discrete Attack time to generic distributions}{section.4}% 27
\BOOKMARK [2][-]{subsection.4.3}{Strategic Patroller with Random Attackers on Edges}{section.4}% 28
\BOOKMARK [1][-]{section*.12}{Appendices}{}% 29
\BOOKMARK [1][-]{appendix.A}{Graph Definitions}{}% 30
\BOOKMARK [1][-]{appendix.B}{Optimal Solution for a Random Attacker}{}% 31
